0 info it worked if it ends with ok
1 verbose cli [ '/Users/Gabriel_Grinberg/.nvm/versions/node/v6.3.1/bin/node',
1 verbose cli   '/Users/Gabriel_Grinberg/.nvm/versions/node/v6.3.1/bin/npm',
1 verbose cli   'start' ]
2 info using npm@2.15.9
3 info using node@v6.3.1
4 verbose config Skipping project config: /Users/Gabriel_Grinberg/.npmrc. (matches userconfig)
5 verbose stack Error: ENOENT: no such file or directory, open '/Users/Gabriel_Grinberg/package.json'
5 verbose stack     at Error (native)
6 verbose cwd /Users/Gabriel_Grinberg/Documents/Projects/slack-bot-learning
7 error Darwin 15.3.0
8 error argv "/Users/Gabriel_Grinberg/.nvm/versions/node/v6.3.1/bin/node" "/Users/Gabriel_Grinberg/.nvm/versions/node/v6.3.1/bin/npm" "start"
9 error node v6.3.1
10 error npm  v2.15.9
11 error path /Users/Gabriel_Grinberg/package.json
12 error code ENOENT
13 error errno -2
14 error syscall open
15 error enoent ENOENT: no such file or directory, open '/Users/Gabriel_Grinberg/package.json'
15 error enoent This is most likely not a problem with npm itself
15 error enoent and is related to npm not being able to find a file.
16 verbose exit [ -2, true ]
